02-16 13:44:51 root 244:updating GUI with: 1
02-16 13:44:51 root 244:updating GUI with: 1
02-16 13:44:51 root 244:updating GUI with: 1
02-16 13:44:51 root 244:updating GUI with: 1
02-16 13:44:51 root 244:updating GUI with: 1
02-16 13:44:51 root 244:updating GUI with: 1
02-16 13:44:51 root 244:updating GUI with: 2
02-16 13:44:51 root 244:updating GUI with: 2
02-16 13:44:51 root 244:updating GUI with: 2
02-16 13:44:51 root 244:updating GUI with: 2
02-16 13:44:51 root 244:updating GUI with: 2
02-16 13:44:51 root 244:updating GUI with: 2
02-16 13:44:51 root 244:updating GUI with: 2
02-16 13:44:51 root 244:updating GUI with: 3
02-16 13:44:51 root 244:updating GUI with: 3
02-16 13:44:51 root 244:updating GUI with: 3
02-16 13:44:52 root 244:updating GUI with: 3
02-16 13:44:52 root 244:updating GUI with: 3
02-16 13:44:52 root 244:updating GUI with: 3
02-16 13:44:52 root 244:updating GUI with: 4
02-16 13:44:52 root 244:updating GUI with: 4
02-16 13:44:52 root 244:updating GUI with: 4
02-16 13:44:52 root 244:updating GUI with: 4
02-16 13:44:52 root 244:updating GUI with: 4
02-16 13:44:52 root 244:updating GUI with: 4
02-16 13:44:52 root 244:updating GUI with: 5
02-16 13:44:52 root 244:updating GUI with: 5
02-16 13:44:52 root 244:updating GUI with: 5
02-16 13:44:52 root 244:updating GUI with: 5
02-16 13:44:52 root 244:updating GUI with: 5
02-16 13:44:52 root 244:updating GUI with: 5
02-16 13:44:52 root 244:updating GUI with: 5
02-16 13:44:52 root 244:updating GUI with: 6
02-16 13:44:52 root 244:updating GUI with: 6
02-16 13:44:52 root 244:updating GUI with: 6
02-16 13:44:52 root 244:updating GUI with: 6
02-16 13:44:53 root 244:updating GUI with: 6
02-16 13:44:53 root 244:updating GUI with: 6
02-16 13:44:53 root 244:updating GUI with: 7
02-16 13:44:53 root 244:updating GUI with: 7
02-16 13:44:53 root 244:updating GUI with: 7
02-16 13:44:53 root 244:updating GUI with: 7
02-16 13:44:53 root 244:updating GUI with: 7
02-16 13:44:53 root 244:updating GUI with: 7
02-16 13:44:53 root 244:updating GUI with: 8
02-16 13:44:53 root 244:updating GUI with: 8
02-16 13:44:53 root 244:updating GUI with: 8
02-16 13:44:53 root 244:updating GUI with: 8
02-16 13:44:53 root 244:updating GUI with: 8
02-16 13:44:53 root 244:updating GUI with: 8
02-16 13:44:53 root 244:updating GUI with: 8
02-16 13:44:53 root 244:updating GUI with: 9
02-16 13:44:53 root 244:updating GUI with: 9
02-16 13:44:53 root 244:updating GUI with: 9
02-16 13:44:54 root 244:updating GUI with: 9
02-16 13:44:54 root 244:updating GUI with: 9
02-16 13:44:54 root 244:updating GUI with: 9
02-16 13:44:54 root 244:updating GUI with: 10
02-16 13:44:54 root 244:updating GUI with: 10
02-16 13:44:54 root 244:updating GUI with: 10
02-16 13:44:54 root 244:updating GUI with: 10
02-16 13:44:54 root 244:updating GUI with: 10
02-16 13:44:54 root 244:updating GUI with: 10
02-16 13:44:54 root 244:updating GUI with: 11
02-16 13:44:54 root 244:updating GUI with: 11
02-16 13:44:55 root 244:updating GUI with: 11
02-16 13:44:55 root 244:updating GUI with: 11
02-16 13:44:55 root 244:updating GUI with: 11
02-16 13:44:55 root 244:updating GUI with: 11
02-16 13:44:55 root 244:updating GUI with: 11
02-16 13:44:55 root 244:updating GUI with: 12
02-16 13:44:55 root 244:updating GUI with: 12
02-16 13:44:55 root 244:updating GUI with: 12
02-16 13:44:55 root 244:updating GUI with: 12
02-16 13:44:55 root 244:updating GUI with: 12
02-16 13:44:55 root 244:updating GUI with: 12
02-16 13:44:55 root 244:updating GUI with: 13
02-16 13:44:55 root 244:updating GUI with: 13
02-16 13:44:55 root 244:updating GUI with: 13
02-16 13:44:55 root 244:updating GUI with: 13
02-16 13:44:55 root 244:updating GUI with: 13
02-16 13:44:55 root 244:updating GUI with: 13
02-16 13:44:55 root 244:updating GUI with: 13
02-16 13:44:55 root 244:updating GUI with: 14
02-16 13:44:56 root 244:updating GUI with: 14
02-16 13:44:56 root 244:updating GUI with: 14
02-16 13:44:56 root 244:updating GUI with: 14
02-16 13:44:56 root 244:updating GUI with: 14
02-16 13:44:56 root 244:updating GUI with: 14
02-16 13:44:56 root 244:updating GUI with: 15
02-16 13:44:56 root 244:updating GUI with: 15
02-16 13:44:56 root 244:updating GUI with: 15
02-16 13:44:56 root 244:updating GUI with: 15
02-16 13:44:56 root 244:updating GUI with: 15
02-16 13:44:56 root 244:updating GUI with: 15
02-16 13:44:56 root 244:updating GUI with: 16
02-16 13:44:56 root 244:updating GUI with: 16
02-16 13:44:56 root 244:updating GUI with: 16
02-16 13:44:56 root 244:updating GUI with: 16
02-16 13:44:56 root 244:updating GUI with: 16
02-16 13:44:56 root 244:updating GUI with: 16
02-16 13:44:56 root 244:updating GUI with: 16
02-16 13:44:56 root 244:updating GUI with: 17
02-16 13:44:56 root 244:updating GUI with: 17
02-16 13:44:57 root 244:updating GUI with: 17
02-16 13:44:57 root 244:updating GUI with: 17
02-16 13:44:57 root 244:updating GUI with: 17
02-16 13:44:57 root 244:updating GUI with: 17
02-16 13:44:57 root 244:updating GUI with: 18
02-16 13:44:57 root 244:updating GUI with: 18
02-16 13:44:57 root 244:updating GUI with: 18
02-16 13:44:57 root 244:updating GUI with: 18
02-16 13:44:57 root 244:updating GUI with: 18
02-16 13:44:57 root 244:updating GUI with: 18
02-16 13:44:57 root 244:updating GUI with: 19
02-16 13:44:57 root 244:updating GUI with: 19
02-16 13:44:57 root 244:updating GUI with: 19
02-16 13:44:57 root 244:updating GUI with: 19
02-16 13:44:57 root 244:updating GUI with: 19
02-16 13:44:57 root 244:updating GUI with: 19
02-16 13:44:57 root 244:updating GUI with: 19
02-16 13:44:57 root 244:updating GUI with: 20
02-16 13:44:57 root 244:updating GUI with: 20
02-16 13:44:57 root 244:updating GUI with: 20
02-16 13:44:57 root 244:updating GUI with: 20
02-16 13:44:57 root 244:updating GUI with: 20
02-16 13:44:57 root 244:updating GUI with: 20
02-16 13:44:58 root 244:updating GUI with: 21
02-16 13:44:58 root 244:updating GUI with: 21
02-16 13:44:58 root 244:updating GUI with: 21
02-16 13:44:58 root 244:updating GUI with: 21
02-16 13:44:58 root 244:updating GUI with: 21
02-16 13:44:58 root 244:updating GUI with: 21
02-16 13:44:58 root 244:updating GUI with: 22
02-16 13:44:58 root 244:updating GUI with: 22
02-16 13:44:58 root 244:updating GUI with: 22
02-16 13:44:58 root 244:updating GUI with: 22
02-16 13:44:58 root 244:updating GUI with: 22
02-16 13:44:58 root 244:updating GUI with: 22
02-16 13:44:58 root 244:updating GUI with: 22
02-16 13:44:58 root 244:updating GUI with: 23
02-16 13:44:58 root 244:updating GUI with: 23
02-16 13:44:58 root 244:updating GUI with: 23
02-16 13:44:58 root 244:updating GUI with: 23
02-16 13:44:58 root 244:updating GUI with: 23
02-16 13:44:58 root 244:updating GUI with: 23
02-16 13:44:58 root 244:updating GUI with: 24
02-16 13:44:58 root 244:updating GUI with: 24
02-16 13:44:58 root 244:updating GUI with: 24
02-16 13:44:58 root 244:updating GUI with: 24
02-16 13:44:58 root 244:updating GUI with: 24
02-16 13:44:58 root 244:updating GUI with: 24
02-16 13:44:58 root 244:updating GUI with: 24
02-16 13:44:59 root 244:updating GUI with: 25
02-16 13:44:59 root 244:updating GUI with: 25
02-16 13:44:59 root 244:updating GUI with: 25
02-16 13:44:59 root 244:updating GUI with: 25
02-16 13:44:59 root 244:updating GUI with: 25
02-16 13:44:59 root 244:updating GUI with: 25
02-16 13:44:59 root 244:updating GUI with: 26
02-16 13:44:59 root 244:updating GUI with: 26
02-16 13:44:59 root 244:updating GUI with: 26
02-16 13:44:59 root 244:updating GUI with: 26
02-16 13:44:59 root 244:updating GUI with: 26
02-16 13:44:59 root 244:updating GUI with: 26
02-16 13:44:59 root 244:updating GUI with: 27
02-16 13:44:59 root 244:updating GUI with: 27
02-16 13:44:59 root 244:updating GUI with: 27
02-16 13:44:59 root 244:updating GUI with: 27
02-16 13:44:59 root 244:updating GUI with: 27
02-16 13:44:59 root 244:updating GUI with: 27
02-16 13:44:59 root 244:updating GUI with: 27
02-16 13:44:59 root 244:updating GUI with: 28
02-16 13:44:59 root 244:updating GUI with: 28
02-16 13:44:59 root 244:updating GUI with: 28
02-16 13:45:00 root 244:updating GUI with: 28
02-16 13:45:00 root 244:updating GUI with: 28
02-16 13:45:00 root 244:updating GUI with: 28
02-16 13:45:00 root 244:updating GUI with: 29
02-16 13:45:00 root 244:updating GUI with: 29
02-16 13:45:00 root 244:updating GUI with: 29
02-16 13:45:00 root 244:updating GUI with: 29
02-16 13:45:00 root 244:updating GUI with: 29
02-16 13:45:00 root 244:updating GUI with: 29
02-16 13:45:00 root 244:updating GUI with: 30
02-16 13:45:00 root 244:updating GUI with: 30
02-16 13:45:00 root 244:updating GUI with: 30
02-16 13:45:00 root 244:updating GUI with: 30
02-16 13:45:00 root 244:updating GUI with: 30
02-16 13:45:00 root 244:updating GUI with: 30
02-16 13:45:00 root 244:updating GUI with: 30
02-16 13:45:00 root 244:updating GUI with: 31
02-16 13:45:00 root 244:updating GUI with: 31
02-16 13:45:00 root 244:updating GUI with: 31
02-16 13:45:00 root 244:updating GUI with: 31
02-16 13:45:00 root 244:updating GUI with: 31
02-16 13:45:00 root 244:updating GUI with: 31
02-16 13:45:01 root 244:updating GUI with: 32
02-16 13:45:01 root 244:updating GUI with: 32
02-16 13:45:01 root 244:updating GUI with: 32
02-16 13:45:01 root 244:updating GUI with: 32
02-16 13:45:01 root 244:updating GUI with: 32
02-16 13:45:01 root 244:updating GUI with: 32
02-16 13:45:01 root 244:updating GUI with: 33
02-16 13:45:01 root 244:updating GUI with: 33
02-16 13:45:01 root 244:updating GUI with: 33
02-16 13:45:01 root 244:updating GUI with: 33
02-16 13:45:01 com_github_MitjaNemec_ReplicateLayout.replicate_layout 825:Replicating tracks on sheet ['motor_drivers', 'driver_y']
02-16 13:45:01 root 244:updating GUI with: 33
02-16 13:45:01 root 244:updating GUI with: 33
02-16 13:45:01 root 244:updating GUI with: 33
02-16 13:45:01 root 244:updating GUI with: 33
02-16 13:45:01 root 244:updating GUI with: 34
02-16 13:45:01 root 244:updating GUI with: 34
02-16 13:45:01 root 244:updating GUI with: 34
02-16 13:45:01 root 244:updating GUI with: 34
02-16 13:45:01 root 244:updating GUI with: 34
02-16 13:45:02 root 244:updating GUI with: 34
02-16 13:45:02 root 244:updating GUI with: 35
02-16 13:45:02 root 244:updating GUI with: 35
02-16 13:45:02 root 244:updating GUI with: 35
02-16 13:45:02 root 244:updating GUI with: 35
02-16 13:45:02 root 244:updating GUI with: 35
02-16 13:45:02 root 244:updating GUI with: 35
02-16 13:45:02 root 244:updating GUI with: 36
02-16 13:45:02 root 244:updating GUI with: 36
02-16 13:45:02 root 244:updating GUI with: 36
02-16 13:45:02 root 244:updating GUI with: 36
02-16 13:45:02 root 244:updating GUI with: 36
02-16 13:45:02 root 244:updating GUI with: 36
02-16 13:45:02 root 244:updating GUI with: 36
02-16 13:45:02 root 244:updating GUI with: 37
02-16 13:45:02 root 244:updating GUI with: 37
02-16 13:45:02 root 244:updating GUI with: 37
02-16 13:45:02 root 244:updating GUI with: 37
02-16 13:45:02 root 244:updating GUI with: 37
02-16 13:45:03 root 244:updating GUI with: 37
02-16 13:45:03 root 244:updating GUI with: 38
02-16 13:45:03 root 244:updating GUI with: 38
02-16 13:45:03 root 244:updating GUI with: 38
02-16 13:45:03 root 244:updating GUI with: 38
02-16 13:45:03 root 244:updating GUI with: 38
02-16 13:45:03 root 244:updating GUI with: 38
02-16 13:45:03 root 244:updating GUI with: 38
02-16 13:45:03 root 244:updating GUI with: 39
02-16 13:45:03 root 244:updating GUI with: 39
02-16 13:45:03 root 244:updating GUI with: 39
02-16 13:45:03 root 244:updating GUI with: 39
02-16 13:45:03 root 244:updating GUI with: 39
02-16 13:45:03 root 244:updating GUI with: 39
02-16 13:45:03 root 244:updating GUI with: 40
02-16 13:45:03 root 244:updating GUI with: 40
02-16 13:45:03 root 244:updating GUI with: 40
02-16 13:45:03 root 244:updating GUI with: 40
02-16 13:45:03 root 244:updating GUI with: 40
02-16 13:45:03 root 244:updating GUI with: 40
02-16 13:45:03 root 244:updating GUI with: 41
02-16 13:45:03 root 244:updating GUI with: 41
02-16 13:45:04 root 244:updating GUI with: 41
02-16 13:45:04 root 244:updating GUI with: 41
02-16 13:45:04 root 244:updating GUI with: 41
02-16 13:45:04 root 244:updating GUI with: 41
02-16 13:45:04 root 244:updating GUI with: 41
02-16 13:45:04 root 244:updating GUI with: 42
02-16 13:45:04 root 244:updating GUI with: 42
02-16 13:45:04 root 244:updating GUI with: 42
02-16 13:45:04 root 244:updating GUI with: 42
02-16 13:45:04 root 244:updating GUI with: 42
02-16 13:45:04 root 244:updating GUI with: 42
02-16 13:45:04 root 244:updating GUI with: 43
02-16 13:45:04 root 244:updating GUI with: 43
02-16 13:45:04 root 244:updating GUI with: 43
02-16 13:45:04 root 244:updating GUI with: 43
02-16 13:45:04 root 244:updating GUI with: 43
02-16 13:45:04 root 244:updating GUI with: 43
02-16 13:45:04 root 244:updating GUI with: 44
02-16 13:45:04 root 244:updating GUI with: 44
02-16 13:45:04 root 244:updating GUI with: 44
02-16 13:45:04 root 244:updating GUI with: 44
02-16 13:45:05 root 244:updating GUI with: 44
02-16 13:45:05 root 244:updating GUI with: 44
02-16 13:45:05 root 244:updating GUI with: 44
02-16 13:45:05 root 244:updating GUI with: 45
02-16 13:45:05 root 244:updating GUI with: 45
02-16 13:45:05 root 244:updating GUI with: 45
02-16 13:45:05 root 244:updating GUI with: 45
02-16 13:45:05 root 244:updating GUI with: 45
02-16 13:45:05 root 244:updating GUI with: 45
02-16 13:45:05 root 244:updating GUI with: 46
02-16 13:45:05 root 244:updating GUI with: 46
02-16 13:45:05 root 244:updating GUI with: 46
02-16 13:45:06 root 244:updating GUI with: 46
02-16 13:45:06 root 244:updating GUI with: 46
02-16 13:45:06 root 244:updating GUI with: 46
02-16 13:45:06 root 244:updating GUI with: 47
02-16 13:45:06 root 244:updating GUI with: 47
02-16 13:45:06 root 244:updating GUI with: 47
02-16 13:45:06 root 244:updating GUI with: 47
02-16 13:45:06 root 244:updating GUI with: 47
02-16 13:45:06 root 244:updating GUI with: 47
02-16 13:45:06 root 244:updating GUI with: 47
02-16 13:45:06 root 244:updating GUI with: 48
02-16 13:45:06 root 244:updating GUI with: 48
02-16 13:45:06 root 244:updating GUI with: 48
02-16 13:45:06 root 244:updating GUI with: 48
02-16 13:45:06 root 244:updating GUI with: 48
02-16 13:45:06 root 244:updating GUI with: 48
02-16 13:45:06 root 244:updating GUI with: 49
02-16 13:45:07 root 244:updating GUI with: 49
02-16 13:45:07 root 244:updating GUI with: 49
02-16 13:45:07 root 244:updating GUI with: 49
02-16 13:45:07 root 244:updating GUI with: 49
02-16 13:45:07 root 244:updating GUI with: 49
02-16 13:45:07 root 244:updating GUI with: 49
02-16 13:45:07 root 244:updating GUI with: 50
02-16 13:45:07 root 244:updating GUI with: 50
02-16 13:45:07 root 244:updating GUI with: 50
02-16 13:45:07 root 244:updating GUI with: 50
02-16 13:45:07 root 244:updating GUI with: 50
02-16 13:45:07 root 244:updating GUI with: 50
02-16 13:45:07 root 244:updating GUI with: 51
02-16 13:45:07 root 244:updating GUI with: 51
02-16 13:45:07 root 244:updating GUI with: 51
02-16 13:45:07 root 244:updating GUI with: 51
02-16 13:45:07 root 244:updating GUI with: 51
02-16 13:45:07 root 244:updating GUI with: 51
02-16 13:45:08 root 244:updating GUI with: 52
02-16 13:45:08 root 244:updating GUI with: 52
02-16 13:45:08 root 244:updating GUI with: 52
02-16 13:45:08 root 244:updating GUI with: 52
02-16 13:45:08 root 244:updating GUI with: 52
02-16 13:45:08 root 244:updating GUI with: 52
02-16 13:45:08 root 244:updating GUI with: 52
02-16 13:45:08 root 244:updating GUI with: 53
02-16 13:45:08 root 244:updating GUI with: 53
02-16 13:45:08 root 244:updating GUI with: 53
02-16 13:45:08 root 244:updating GUI with: 53
02-16 13:45:08 root 244:updating GUI with: 53
02-16 13:45:08 root 244:updating GUI with: 53
02-16 13:45:08 root 244:updating GUI with: 54
02-16 13:45:08 root 244:updating GUI with: 54
02-16 13:45:08 root 244:updating GUI with: 54
02-16 13:45:08 root 244:updating GUI with: 54
02-16 13:45:08 root 244:updating GUI with: 54
02-16 13:45:08 root 244:updating GUI with: 54
02-16 13:45:08 root 244:updating GUI with: 55
02-16 13:45:09 root 244:updating GUI with: 55
02-16 13:45:09 root 244:updating GUI with: 55
02-16 13:45:09 root 244:updating GUI with: 55
02-16 13:45:09 root 244:updating GUI with: 55
02-16 13:45:09 root 244:updating GUI with: 55
02-16 13:45:09 root 244:updating GUI with: 55
02-16 13:45:09 root 244:updating GUI with: 56
02-16 13:45:09 root 244:updating GUI with: 56
02-16 13:45:09 root 244:updating GUI with: 56
02-16 13:45:09 root 244:updating GUI with: 56
02-16 13:45:09 root 244:updating GUI with: 56
02-16 13:45:09 root 244:updating GUI with: 56
02-16 13:45:09 root 244:updating GUI with: 57
02-16 13:45:09 root 244:updating GUI with: 57
02-16 13:45:09 root 244:updating GUI with: 57
02-16 13:45:09 root 244:updating GUI with: 57
02-16 13:45:09 root 244:updating GUI with: 57
02-16 13:45:09 root 244:updating GUI with: 57
02-16 13:45:09 root 244:updating GUI with: 58
02-16 13:45:09 root 244:updating GUI with: 58
02-16 13:45:10 root 244:updating GUI with: 58
02-16 13:45:10 root 244:updating GUI with: 58
02-16 13:45:10 root 244:updating GUI with: 58
02-16 13:45:10 root 244:updating GUI with: 58
02-16 13:45:10 root 244:updating GUI with: 58
02-16 13:45:10 root 244:updating GUI with: 59
02-16 13:45:10 root 244:updating GUI with: 59
02-16 13:45:10 root 244:updating GUI with: 59
02-16 13:45:10 root 244:updating GUI with: 59
02-16 13:45:10 root 244:updating GUI with: 59
02-16 13:45:10 root 244:updating GUI with: 59
02-16 13:45:10 root 244:updating GUI with: 60
02-16 13:45:10 root 244:updating GUI with: 60
02-16 13:45:10 root 244:updating GUI with: 60
02-16 13:45:10 root 244:updating GUI with: 60
02-16 13:45:10 root 244:updating GUI with: 60
02-16 13:45:10 root 244:updating GUI with: 60
02-16 13:45:10 root 244:updating GUI with: 61
02-16 13:45:11 root 244:updating GUI with: 61
02-16 13:45:11 root 244:updating GUI with: 61
02-16 13:45:11 root 244:updating GUI with: 61
02-16 13:45:11 root 244:updating GUI with: 61
02-16 13:45:11 root 244:updating GUI with: 61
02-16 13:45:11 root 244:updating GUI with: 61
02-16 13:45:11 root 244:updating GUI with: 62
02-16 13:45:11 root 244:updating GUI with: 62
02-16 13:45:11 root 244:updating GUI with: 62
02-16 13:45:11 root 244:updating GUI with: 62
02-16 13:45:11 root 244:updating GUI with: 62
02-16 13:45:11 root 244:updating GUI with: 62
02-16 13:45:11 root 244:updating GUI with: 63
02-16 13:45:11 root 244:updating GUI with: 63
02-16 13:45:11 root 244:updating GUI with: 63
02-16 13:45:11 root 244:updating GUI with: 63
02-16 13:45:12 root 244:updating GUI with: 63
02-16 13:45:12 root 244:updating GUI with: 63
02-16 13:45:12 root 244:updating GUI with: 63
02-16 13:45:12 root 244:updating GUI with: 64
02-16 13:45:12 root 244:updating GUI with: 64
02-16 13:45:12 root 244:updating GUI with: 64
02-16 13:45:12 root 244:updating GUI with: 64
02-16 13:45:12 root 244:updating GUI with: 64
02-16 13:45:12 root 244:updating GUI with: 64
02-16 13:45:12 root 244:updating GUI with: 65
02-16 13:45:12 root 244:updating GUI with: 65
02-16 13:45:12 root 244:updating GUI with: 65
02-16 13:45:12 root 244:updating GUI with: 65
02-16 13:45:12 root 244:updating GUI with: 65
02-16 13:45:12 root 244:updating GUI with: 65
02-16 13:45:12 root 244:updating GUI with: 66
02-16 13:45:12 root 244:updating GUI with: 66
02-16 13:45:12 root 244:updating GUI with: 66
02-16 13:45:12 root 244:updating GUI with: 66
02-16 13:45:12 root 244:updating GUI with: 66
02-16 13:45:12 root 244:updating GUI with: 66
02-16 13:45:13 com_github_MitjaNemec_ReplicateLayout.replicate_layout 825:Replicating tracks on sheet ['motor_drivers', 'driver_z']
02-16 13:45:13 root 244:updating GUI with: 66
02-16 13:45:13 root 244:updating GUI with: 66
02-16 13:45:13 root 244:updating GUI with: 67
02-16 13:45:13 root 244:updating GUI with: 67
02-16 13:45:13 root 244:updating GUI with: 67
02-16 13:45:13 root 244:updating GUI with: 67
02-16 13:45:13 root 244:updating GUI with: 67
02-16 13:45:13 root 244:updating GUI with: 67
02-16 13:45:13 root 244:updating GUI with: 68
02-16 13:45:13 root 244:updating GUI with: 68
02-16 13:45:13 root 244:updating GUI with: 68
02-16 13:45:13 root 244:updating GUI with: 68
02-16 13:45:13 root 244:updating GUI with: 68
02-16 13:45:13 root 244:updating GUI with: 68
02-16 13:45:13 root 244:updating GUI with: 69
02-16 13:45:13 root 244:updating GUI with: 69
02-16 13:45:13 root 244:updating GUI with: 69
02-16 13:45:13 root 244:updating GUI with: 69
02-16 13:45:13 root 244:updating GUI with: 69
02-16 13:45:14 root 244:updating GUI with: 69
02-16 13:45:14 root 244:updating GUI with: 69
02-16 13:45:14 root 244:updating GUI with: 70
02-16 13:45:14 root 244:updating GUI with: 70
02-16 13:45:14 root 244:updating GUI with: 70
02-16 13:45:14 root 244:updating GUI with: 70
02-16 13:45:14 root 244:updating GUI with: 70
02-16 13:45:14 root 244:updating GUI with: 70
02-16 13:45:14 root 244:updating GUI with: 71
02-16 13:45:14 root 244:updating GUI with: 71
02-16 13:45:14 root 244:updating GUI with: 71
02-16 13:45:14 root 244:updating GUI with: 71
02-16 13:45:14 root 244:updating GUI with: 71
02-16 13:45:14 root 244:updating GUI with: 71
02-16 13:45:15 root 244:updating GUI with: 72
02-16 13:45:15 root 244:updating GUI with: 72
02-16 13:45:15 root 244:updating GUI with: 72
02-16 13:45:15 root 244:updating GUI with: 72
02-16 13:45:15 root 244:updating GUI with: 72
02-16 13:45:15 root 244:updating GUI with: 72
02-16 13:45:15 root 244:updating GUI with: 72
02-16 13:45:15 root 244:updating GUI with: 73
02-16 13:45:15 root 244:updating GUI with: 73
02-16 13:45:15 root 244:updating GUI with: 73
02-16 13:45:15 root 244:updating GUI with: 73
02-16 13:45:15 root 244:updating GUI with: 73
02-16 13:45:15 root 244:updating GUI with: 73
02-16 13:45:15 root 244:updating GUI with: 74
02-16 13:45:15 root 244:updating GUI with: 74
02-16 13:45:16 root 244:updating GUI with: 74
02-16 13:45:16 root 244:updating GUI with: 74
02-16 13:45:16 root 244:updating GUI with: 74
02-16 13:45:16 root 244:updating GUI with: 74
02-16 13:45:16 root 244:updating GUI with: 75
02-16 13:45:16 root 244:updating GUI with: 75
02-16 13:45:16 root 244:updating GUI with: 75
02-16 13:45:16 root 244:updating GUI with: 75
02-16 13:45:16 root 244:updating GUI with: 75
02-16 13:45:16 root 244:updating GUI with: 75
02-16 13:45:16 root 244:updating GUI with: 75
02-16 13:45:16 root 244:updating GUI with: 76
02-16 13:45:16 root 244:updating GUI with: 76
02-16 13:45:16 root 244:updating GUI with: 76
02-16 13:45:16 root 244:updating GUI with: 76
02-16 13:45:17 root 244:updating GUI with: 76
02-16 13:45:17 root 244:updating GUI with: 76
02-16 13:45:17 root 244:updating GUI with: 77
02-16 13:45:17 root 244:updating GUI with: 77
02-16 13:45:17 root 244:updating GUI with: 77
02-16 13:45:17 root 244:updating GUI with: 77
02-16 13:45:17 root 244:updating GUI with: 77
02-16 13:45:17 root 244:updating GUI with: 77
02-16 13:45:17 root 244:updating GUI with: 77
02-16 13:45:17 root 244:updating GUI with: 78
02-16 13:45:17 root 244:updating GUI with: 78
02-16 13:45:17 root 244:updating GUI with: 78
02-16 13:45:17 root 244:updating GUI with: 78
02-16 13:45:17 root 244:updating GUI with: 78
02-16 13:45:17 root 244:updating GUI with: 78
02-16 13:45:18 root 244:updating GUI with: 79
02-16 13:45:18 root 244:updating GUI with: 79
02-16 13:45:18 root 244:updating GUI with: 79
02-16 13:45:18 root 244:updating GUI with: 79
02-16 13:45:18 root 244:updating GUI with: 79
02-16 13:45:18 root 244:updating GUI with: 79
02-16 13:45:18 root 244:updating GUI with: 80
02-16 13:45:18 root 244:updating GUI with: 80
02-16 13:45:18 root 244:updating GUI with: 80
02-16 13:45:18 root 244:updating GUI with: 80
02-16 13:45:18 root 244:updating GUI with: 80
02-16 13:45:18 root 244:updating GUI with: 80
02-16 13:45:18 root 244:updating GUI with: 80
02-16 13:45:18 root 244:updating GUI with: 81
02-16 13:45:19 root 244:updating GUI with: 81
02-16 13:45:19 root 244:updating GUI with: 81
02-16 13:45:19 root 244:updating GUI with: 81
02-16 13:45:19 root 244:updating GUI with: 81
02-16 13:45:19 root 244:updating GUI with: 81
02-16 13:45:19 root 244:updating GUI with: 82
02-16 13:45:19 root 244:updating GUI with: 82
02-16 13:45:19 root 244:updating GUI with: 82
02-16 13:45:19 root 244:updating GUI with: 82
02-16 13:45:19 root 244:updating GUI with: 82
02-16 13:45:19 root 244:updating GUI with: 82
02-16 13:45:19 root 244:updating GUI with: 83
02-16 13:45:19 root 244:updating GUI with: 83
02-16 13:45:19 root 244:updating GUI with: 83
02-16 13:45:19 root 244:updating GUI with: 83
02-16 13:45:20 root 244:updating GUI with: 83
02-16 13:45:20 root 244:updating GUI with: 83
02-16 13:45:20 root 244:updating GUI with: 83
02-16 13:45:20 root 244:updating GUI with: 84
02-16 13:45:20 root 244:updating GUI with: 84
02-16 13:45:20 root 244:updating GUI with: 84
02-16 13:45:20 root 244:updating GUI with: 84
02-16 13:45:20 root 244:updating GUI with: 84
02-16 13:45:20 root 244:updating GUI with: 84
02-16 13:45:20 root 244:updating GUI with: 85
02-16 13:45:20 root 244:updating GUI with: 85
02-16 13:45:20 root 244:updating GUI with: 85
02-16 13:45:20 root 244:updating GUI with: 85
02-16 13:45:20 root 244:updating GUI with: 85
02-16 13:45:20 root 244:updating GUI with: 85
02-16 13:45:21 root 244:updating GUI with: 86
02-16 13:45:21 root 244:updating GUI with: 86
02-16 13:45:21 root 244:updating GUI with: 86
02-16 13:45:21 root 244:updating GUI with: 86
02-16 13:45:21 root 244:updating GUI with: 86
02-16 13:45:21 root 244:updating GUI with: 86
02-16 13:45:21 root 244:updating GUI with: 86
02-16 13:45:21 root 244:updating GUI with: 87
02-16 13:45:21 root 244:updating GUI with: 87
02-16 13:45:21 root 244:updating GUI with: 87
02-16 13:45:21 root 244:updating GUI with: 87
02-16 13:45:21 root 244:updating GUI with: 87
02-16 13:45:21 root 244:updating GUI with: 87
02-16 13:45:21 root 244:updating GUI with: 88
02-16 13:45:21 root 244:updating GUI with: 88
02-16 13:45:22 root 244:updating GUI with: 88
02-16 13:45:22 root 244:updating GUI with: 88
02-16 13:45:22 root 244:updating GUI with: 88
02-16 13:45:22 root 244:updating GUI with: 88
02-16 13:45:22 root 244:updating GUI with: 88
02-16 13:45:22 root 244:updating GUI with: 89
02-16 13:45:22 root 244:updating GUI with: 89
02-16 13:45:22 root 244:updating GUI with: 89
02-16 13:45:22 root 244:updating GUI with: 89
02-16 13:45:22 root 244:updating GUI with: 89
02-16 13:45:22 root 244:updating GUI with: 89
02-16 13:45:22 root 244:updating GUI with: 90
02-16 13:45:22 root 244:updating GUI with: 90
02-16 13:45:22 root 244:updating GUI with: 90
02-16 13:45:22 root 244:updating GUI with: 90
02-16 13:45:22 root 244:updating GUI with: 90
02-16 13:45:22 root 244:updating GUI with: 90
02-16 13:45:23 root 244:updating GUI with: 91
02-16 13:45:23 root 244:updating GUI with: 91
02-16 13:45:23 root 244:updating GUI with: 91
02-16 13:45:23 root 244:updating GUI with: 91
02-16 13:45:23 root 244:updating GUI with: 91
02-16 13:45:23 root 244:updating GUI with: 91
02-16 13:45:23 root 244:updating GUI with: 91
02-16 13:45:23 root 244:updating GUI with: 92
02-16 13:45:23 root 244:updating GUI with: 92
02-16 13:45:23 root 244:updating GUI with: 92
02-16 13:45:23 root 244:updating GUI with: 92
02-16 13:45:23 root 244:updating GUI with: 92
02-16 13:45:23 root 244:updating GUI with: 92
02-16 13:45:23 root 244:updating GUI with: 93
02-16 13:45:23 root 244:updating GUI with: 93
02-16 13:45:23 root 244:updating GUI with: 93
02-16 13:45:23 root 244:updating GUI with: 93
02-16 13:45:23 root 244:updating GUI with: 93
02-16 13:45:23 root 244:updating GUI with: 93
02-16 13:45:24 root 244:updating GUI with: 94
02-16 13:45:24 root 244:updating GUI with: 94
02-16 13:45:24 root 244:updating GUI with: 94
02-16 13:45:24 root 244:updating GUI with: 94
02-16 13:45:24 root 244:updating GUI with: 94
02-16 13:45:24 root 244:updating GUI with: 94
02-16 13:45:24 root 244:updating GUI with: 94
02-16 13:45:24 root 244:updating GUI with: 95
02-16 13:45:24 root 244:updating GUI with: 95
02-16 13:45:24 root 244:updating GUI with: 95
02-16 13:45:24 root 244:updating GUI with: 95
02-16 13:45:24 root 244:updating GUI with: 95
02-16 13:45:24 root 244:updating GUI with: 95
02-16 13:45:24 root 244:updating GUI with: 96
02-16 13:45:24 root 244:updating GUI with: 96
02-16 13:45:24 root 244:updating GUI with: 96
02-16 13:45:24 root 244:updating GUI with: 96
02-16 13:45:24 root 244:updating GUI with: 96
02-16 13:45:24 root 244:updating GUI with: 96
02-16 13:45:25 root 244:updating GUI with: 97
02-16 13:45:25 root 244:updating GUI with: 97
02-16 13:45:25 root 244:updating GUI with: 97
02-16 13:45:25 root 244:updating GUI with: 97
02-16 13:45:25 root 244:updating GUI with: 97
02-16 13:45:25 root 244:updating GUI with: 97
02-16 13:45:25 root 244:updating GUI with: 97
02-16 13:45:25 root 244:updating GUI with: 98
02-16 13:45:25 root 244:updating GUI with: 98
02-16 13:45:25 root 244:updating GUI with: 98
02-16 13:45:25 root 244:updating GUI with: 98
02-16 13:45:25 root 244:updating GUI with: 98
02-16 13:45:25 root 244:updating GUI with: 98
02-16 13:45:25 root 244:updating GUI with: 99
02-16 13:45:25 root 244:updating GUI with: 99
02-16 13:45:25 root 244:updating GUI with: 99
02-16 13:45:25 root 244:updating GUI with: 99
02-16 13:45:25 root 244:updating GUI with: 99
02-16 13:45:25 root 244:updating GUI with: 99
02-16 13:45:25 root 244:updating GUI with: 100
02-16 13:45:25 root 239:updating GUI message: 'Replicating zones'
02-16 13:45:25 root 244:updating GUI with: 0
02-16 13:45:25 com_github_MitjaNemec_ReplicateLayout.replicate_layout 877:Replicating zones
02-16 13:45:25 root 244:updating GUI with: 0
02-16 13:45:25 com_github_MitjaNemec_ReplicateLayout.replicate_layout 884:Replicating zones on sheet ['motor_drivers', 'driver_e']
02-16 13:45:25 root 244:updating GUI with: 33
02-16 13:45:26 com_github_MitjaNemec_ReplicateLayout.replicate_layout 884:Replicating zones on sheet ['motor_drivers', 'driver_y']
02-16 13:45:26 root 244:updating GUI with: 66
02-16 13:45:26 com_github_MitjaNemec_ReplicateLayout.replicate_layout 884:Replicating zones on sheet ['motor_drivers', 'driver_z']
02-16 13:45:26 root 239:updating GUI message: 'Replicating text'
02-16 13:45:26 root 244:updating GUI with: 0
02-16 13:45:26 com_github_MitjaNemec_ReplicateLayout.replicate_layout 947:Replicating text
02-16 13:45:26 root 244:updating GUI with: 0
02-16 13:45:26 com_github_MitjaNemec_ReplicateLayout.replicate_layout 954:Replicating text on sheet ['motor_drivers', 'driver_e']
02-16 13:45:26 root 244:updating GUI with: 33
02-16 13:45:26 com_github_MitjaNemec_ReplicateLayout.replicate_layout 954:Replicating text on sheet ['motor_drivers', 'driver_y']
02-16 13:45:26 root 244:updating GUI with: 66
02-16 13:45:26 com_github_MitjaNemec_ReplicateLayout.replicate_layout 954:Replicating text on sheet ['motor_drivers', 'driver_z']
02-16 13:45:26 root 239:updating GUI message: 'Replicating drawings'
02-16 13:45:26 root 244:updating GUI with: 0
02-16 13:45:26 com_github_MitjaNemec_ReplicateLayout.replicate_layout 987:Replicating drawings
02-16 13:45:26 root 244:updating GUI with: 0
02-16 13:45:26 com_github_MitjaNemec_ReplicateLayout.replicate_layout 993:Replicating drawings on sheet ['motor_drivers', 'driver_e']
02-16 13:45:26 root 244:updating GUI with: 33
02-16 13:45:26 com_github_MitjaNemec_ReplicateLayout.replicate_layout 993:Replicating drawings on sheet ['motor_drivers', 'driver_y']
02-16 13:45:26 root 244:updating GUI with: 66
02-16 13:45:26 com_github_MitjaNemec_ReplicateLayout.replicate_layout 993:Replicating drawings on sheet ['motor_drivers', 'driver_z']
02-16 13:45:26 root 239:updating GUI message: 'Removing duplicates'
02-16 13:45:26 root 244:updating GUI with: 0
02-16 13:45:26 com_github_MitjaNemec_ReplicateLayout.action_replicate_layout 167:Replication complete
